#
# A fatal error has been detected by the Java Runtime Environment:
#
#  EXCEPTION_ACCESS_VIOLATION (0xc0000005) at pc=0x000000005dc8e03b, pid=5276, tid=0x0000000000001de0
#
# JRE version: OpenJDK Runtime Environment (8.0_76-b03) (build 1.8.0_76-release-b03)
# Java VM: OpenJDK 64-Bit Server VM (25.76-b03 mixed mode windows-amd64 compressed oops)
# Problematic frame:
# V  [jvm.dll+0xee03b]
#
# Failed to write core dump. Minidumps are not enabled by default on client versions of Windows
#
# If you would like to submit a bug report, please visit:
#   http://bugreport.java.com/bugreport/crash.jsp
#

---------------  T H R E A D  ---------------

Current thread (0x0000000002fc6000):  GCTaskThread [stack: 0x0000000012980000,0x0000000012a80000] [id=7648]

siginfo: ExceptionCode=0xc0000005, reading address 0x0000000000000008

Registers:
RAX=0x0000000012b80000, RBX=0x00000000a1912ff8, RCX=0x0000000000000003, RDX=0x0000000000000001
RSP=0x0000000012a7f280, RBP=0x00000000a1912f34, RSI=0x0000000000000006, RDI=0x00000000167290b0
R8 =0x0000000000000000, R9 =0x0000000000000006, R10=0x000000000000000c, R11=0x0000000000001899
R12=0x00000000a1912f50, R13=0x00000001001cf688, R14=0x00000001001cf690, R15=0x00000000a1912f18
RIP=0x000000005dc8e03b, EFLAGS=0x0000000000010246

Top of Stack: (sp=0x0000000012a7f280)
0x0000000012a7f280:   00000000a1912fc8 00000000a1912f30
0x0000000012a7f290:   0000000000000006 00000000167290b0
0x0000000012a7f2a0:   0000000000000000 0000000002fc6300
0x0000000012a7f2b0:   0000000002fc1ae0 00000000167290b0
0x0000000012a7f2c0:   0000000000001898 000000005df5eb00
0x0000000012a7f2d0:   0000000016bd7508 0000000012a7f3e9
0x0000000012a7f2e0:   00000000167290b0 000000005e1acb98
0x0000000012a7f2f0:   0000000016bd2470 0000000012a7f3a0
0x0000000012a7f300:   0000000018b106e0 0000000000000004
0x0000000012a7f310:   00000000167290b0 000000005dc8c702
0x0000000012a7f320:   00000000a01450e0 0000000000000000
0x0000000012a7f330:   0000000000000000 0000000002fc1ae0
0x0000000012a7f340:   0000000002fc6310 0000000002fc6300
0x0000000012a7f350:   000000005e1acb98 00000000167290b0
0x0000000012a7f360:   0000000000000000 0000000012a7f3e9
0x0000000012a7f370:   00000000166f5570 000000005df5bd50 

Instructions: (pc=0x000000005dc8e03b)
0x000000005dc8e01b:   6c 00 84 d2 74 16 44 8b 43 08 8b 0d 25 46 66 00
0x000000005dc8e02b:   49 d3 e0 4c 03 05 13 46 66 00 eb 04 4c 8b 43 08
0x000000005dc8e03b:   45 8b 48 08 45 85 c9 7e 0c 41 f6 c1 01 75 4b 41
0x000000005dc8e04b:   c1 f9 03 eb 57 79 43 84 d2 41 8b c9 b8 10 00 00 


Register to memory mapping:

RAX=0x0000000012b80000 is an unknown value
RBX=
[error occurred during error reporting (printing register info), id 0xc0000005]

Stack: [0x0000000012980000,0x0000000012a80000],  sp=0x0000000012a7f280,  free space=1020k
Native frames: (J=compiled Java code, j=interpreted, Vv=VM code, C=native code)
V  [jvm.dll+0xee03b]
V  [jvm.dll+0x3beb00]
V  [jvm.dll+0x3bbd50]
V  [jvm.dll+0x3b997e]
V  [jvm.dll+0x26b60a]
C  [msvcr100.dll+0x21d9f]
C  [msvcr100.dll+0x21e3b]
C  [KERNEL32.DLL+0x8364]
C  [ntdll.dll+0x670d1]


---------------  P R O C E S S  ---------------

Java Threads: ( => current thread )
  0x000000001b885000 JavaThread "Stdin handler" [_thread_blocked, id=6076, stack(0x000000001ee70000,0x000000001ef70000)]
  0x0000000018138000 JavaThread "Asynchronous log dispatcher for org.gradle.launcher.daemon.server.DefaultDaemonConnection@23923db2" [_thread_blocked, id=1076, stack(0x000000001ed70000,0x000000001ee70000)]
  0x0000000018137000 JavaThread "Cancel handler" [_thread_blocked, id=7268, stack(0x000000001ec70000,0x000000001ed70000)]
  0x000000001813e000 JavaThread "Handler for socket connection from /127.0.0.1:56621 to /127.0.0.1:56633" [_thread_in_native, id=4848, stack(0x000000001e750000,0x000000001e850000)]
  0x0000000018b29000 JavaThread "File lock request listener" [_thread_in_native, id=5900, stack(0x000000001bc20000,0x000000001bd20000)]
  0x0000000018b25000 JavaThread "Daemon worker" [_thread_blocked, id=4064, stack(0x000000001a350000,0x000000001a450000)]
  0x0000000018b0a800 JavaThread "Daemon" [_thread_blocked, id=6236, stack(0x000000001a050000,0x000000001a150000)]
  0x0000000018830000 JavaThread "pool-1-thread-1" [_thread_blocked, id=6180, stack(0x0000000019f50000,0x000000001a050000)]
  0x0000000018b01000 JavaThread "Incoming local TCP Connector on port 56621" [_thread_in_native, id=4588, stack(0x0000000019b20000,0x0000000019c20000)]
  0x000000001683a800 JavaThread "Service Thread" daemon [_thread_blocked, id=2320, stack(0x0000000017a10000,0x0000000017b10000)]
  0x00000000167dd000 JavaThread "C1 CompilerThread1" daemon [_thread_blocked, id=3696, stack(0x0000000017910000,0x0000000017a10000)]
  0x00000000167db000 JavaThread "C2 CompilerThread0" daemon [_thread_blocked, id=6752, stack(0x0000000017810000,0x0000000017910000)]
  0x00000000167d9800 JavaThread "Attach Listener" daemon [_thread_blocked, id=5916, stack(0x0000000017710000,0x0000000017810000)]
  0x00000000167d4800 JavaThread "Signal Dispatcher" daemon [_thread_blocked, id=3516, stack(0x0000000017610000,0x0000000017710000)]
  0x00000000167bc800 JavaThread "Finalizer" daemon [_thread_blocked, id=1836, stack(0x0000000017420000,0x0000000017520000)]
  0x0000000016794000 JavaThread "Reference Handler" daemon [_thread_blocked, id=6956, stack(0x0000000017320000,0x0000000017420000)]
  0x0000000002fb0800 JavaThread "main" [_thread_blocked, id=8004, stack(0x0000000002eb0000,0x0000000002fb0000)]

Other Threads:
  0x000000001678a800 VMThread [stack: 0x0000000017220000,0x0000000017320000] [id=1744]
  0x0000000016843800 WatcherThread [stack: 0x0000000017b10000,0x0000000017c10000] [id=1812]

=>0x0000000002fc6000 (exited) GCTaskThread [stack: 0x0000000012980000,0x0000000012a80000] [id=7648]

VM state:at safepoint (normal execution)

VM Mutex/Monitor currently owned by a thread:  ([mutex/lock_event])
[0x0000000002eabf00] Threads_lock - owner thread: 0x000000001678a800
[0x0000000002eac200] Heap_lock - owner thread: 0x0000000018b25000

Heap:
 PSYoungGen      total 204800K, used 184320K [0x00000000e0000000, 0x00000000edd80000, 0x0000000100000000)
  eden space 184320K, 100% used [0x00000000e0000000,0x00000000eb400000,0x00000000eb400000)
  from space 20480K, 0% used [0x00000000eb400000,0x00000000eb400000,0x00000000ec800000)
  to   space 19968K, 0% used [0x00000000eca00000,0x00000000eca00000,0x00000000edd80000)
 ParOldGen       total 49664K, used 40190K [0x00000000a0000000, 0x00000000a3080000, 0x00000000e0000000)
  object space 49664K, 80% used [0x00000000a0000000,0x00000000a273fb58,0x00000000a3080000)
 Metaspace       used 56173K, capacity 58276K, committed 58496K, reserved 1099776K
  class space    used 7591K, capacity 8045K, committed 8064K, reserved 1048576K

Card table byte_map: [0x0000000012470000,0x0000000012780000] byte_map_base: 0x0000000011f70000

Marking Bits: (ParMarkBitMap*) 0x000000005e359d00
 Begin Bits: [0x0000000012b80000, 0x0000000014380000)
 End Bits:   [0x0000000014380000, 0x0000000015b80000)

Polling page: 0x0000000001650000

CodeCache: size=245760Kb used=25631Kb max_used=25631Kb free=220129Kb
 bounds [0x00000000030b0000, 0x00000000049d0000, 0x00000000120b0000]
 total_blobs=7868 nmethods=7154 adapters=627
 compilation: enabled

Compilation events (10 events):
Event: 130.366 Thread 0x00000000167db000 nmethod 8101 0x00000000049becd0 code [0x00000000049bee20, 0x00000000049befd8]
Event: 130.368 Thread 0x00000000167dd000 8102       3       java.util.IdentityHashMap::maskNull (12 bytes)
Event: 130.368 Thread 0x00000000167dd000 nmethod 8102 0x00000000049c02d0 code [0x00000000049c0420, 0x00000000049c05b0]
Event: 130.371 Thread 0x00000000167dd000 8103       3       java.util.IdentityHashMap::hash (18 bytes)
Event: 130.371 Thread 0x00000000167dd000 nmethod 8103 0x00000000049bff50 code [0x00000000049c00c0, 0x00000000049c0248]
Event: 130.377 Thread 0x00000000167dd000 8104       3       com.google.common.collect.ImmutableList::builder (8 bytes)
Event: 130.377 Thread 0x00000000167dd000 nmethod 8104 0x00000000049bf710 code [0x00000000049bf8a0, 0x00000000049bfd08]
Event: 130.382 Thread 0x00000000167dd000 8105       3       org.gradle.cache.internal.DefaultCacheAccess::onStartWork (163 bytes)
Event: 130.384 Thread 0x00000000167dd000 nmethod 8105 0x00000000049c9310 code [0x00000000049c96a0, 0x00000000049cb238]
Event: 130.385 Thread 0x00000000167dd000 8106   !   3       org.gradle.api.internal.file.FileNormaliser::normalise (212 bytes)

GC Heap History (10 events):
Event: 38.960 GC heap after
Heap after GC invocations=12 (full 2):
 PSYoungGen      total 146944K, used 0K [0x00000000e0000000, 0x00000000eac00000, 0x0000000100000000)
  eden space 135680K, 0% used [0x00000000e0000000,0x00000000e0000000,0x00000000e8480000)
  from space 11264K, 0% used [0x00000000e8f80000,0x00000000e8f80000,0x00000000e9a80000)
  to   space 11264K, 0% used [0x00000000e8480000,0x00000000e8480000,0x00000000e8f80000)
 ParOldGen       total 49664K, used 15102K [0x00000000a0000000, 0x00000000a3080000, 0x00000000e0000000)
  object space 49664K, 30% used [0x00000000a0000000,0x00000000a0ebf8a8,0x00000000a3080000)
 Metaspace       used 34649K, capacity 35310K, committed 35496K, reserved 1079296K
  class space    used 4656K, capacity 4852K, committed 4864K, reserved 1048576K
}
Event: 56.117 GC heap before
{Heap before GC invocations=13 (full 2):
 PSYoungGen      total 146944K, used 135680K [0x00000000e0000000, 0x00000000eac00000, 0x0000000100000000)
  eden space 135680K, 100% used [0x00000000e0000000,0x00000000e8480000,0x00000000e8480000)
  from space 11264K, 0% used [0x00000000e8f80000,0x00000000e8f80000,0x00000000e9a80000)
  to   space 11264K, 0% used [0x00000000e8480000,0x00000000e8480000,0x00000000e8f80000)
 ParOldGen       total 49664K, used 15102K [0x00000000a0000000, 0x00000000a3080000, 0x00000000e0000000)
  object space 49664K, 30% used [0x00000000a0000000,0x00000000a0ebf8a8,0x00000000a3080000)
 Metaspace       used 44548K, capacity 45656K, committed 45696K, reserved 1089536K
  class space    used 6002K, capacity 6264K, committed 6272K, reserved 1048576K
Event: 56.320 GC heap after
Heap after GC invocations=13 (full 2):
 PSYoungGen      total 146944K, used 11257K [0x00000000e0000000, 0x00000000ed580000, 0x0000000100000000)
  eden space 135680K, 0% used [0x00000000e0000000,0x00000000e0000000,0x00000000e8480000)
  from space 11264K, 99% used [0x00000000e8480000,0x00000000e8f7e5d8,0x00000000e8f80000)
  to   space 13824K, 0% used [0x00000000ec800000,0x00000000ec800000,0x00000000ed580000)
 ParOldGen       total 49664K, used 17689K [0x00000000a0000000, 0x00000000a3080000, 0x00000000e0000000)
  object space 49664K, 35% used [0x00000000a0000000,0x00000000a11467a0,0x00000000a3080000)
 Metaspace       used 44548K, capacity 45656K, committed 45696K, reserved 1089536K
  class space    used 6002K, capacity 6264K, committed 6272K, reserved 1048576K
}
Event: 76.935 GC heap before
{Heap before GC invocations=14 (full 2):
 PSYoungGen      total 146944K, used 146937K [0x00000000e0000000, 0x00000000ed580000, 0x0000000100000000)
  eden space 135680K, 100% used [0x00000000e0000000,0x00000000e8480000,0x00000000e8480000)
  from space 11264K, 99% used [0x00000000e8480000,0x00000000e8f7e5d8,0x00000000e8f80000)
  to   space 13824K, 0% used [0x00000000ec800000,0x00000000ec800000,0x00000000ed580000)
 ParOldGen       total 49664K, used 17689K [0x00000000a0000000, 0x00000000a3080000, 0x00000000e0000000)
  object space 49664K, 35% used [0x00000000a0000000,0x00000000a11467a0,0x00000000a3080000)
 Metaspace       used 50193K, capacity 51768K, committed 52096K, reserved 1093632K
  class space    used 6827K, capacity 7194K, committed 7296K, reserved 1048576K
Event: 77.173 GC heap after
Heap after GC invocations=14 (full 2):
 PSYoungGen      total 198144K, used 13824K [0x00000000e0000000, 0x00000000ede80000, 0x0000000100000000)
  eden space 184320K, 0% used [0x00000000e0000000,0x00000000e0000000,0x00000000eb400000)
  from space 13824K, 100% used [0x00000000ec800000,0x00000000ed580000,0x00000000ed580000)
  to   space 20480K, 0% used [0x00000000eb400000,0x00000000eb400000,0x00000000ec800000)
 ParOldGen       total 49664K, used 30412K [0x00000000a0000000, 0x00000000a3080000, 0x00000000e0000000)
  object space 49664K, 61% used [0x00000000a0000000,0x00000000a1db3160,0x00000000a3080000)
 Metaspace       used 50193K, capacity 51768K, committed 52096K, reserved 1093632K
  class space    used 6827K, capacity 7194K, committed 7296K, reserved 1048576K
}
Event: 80.187 GC heap before
{Heap before GC invocations=15 (full 2):
 PSYoungGen      total 198144K, used 45924K [0x00000000e0000000, 0x00000000ede80000, 0x0000000100000000)
  eden space 184320K, 17% used [0x00000000e0000000,0x00000000e1f59368,0x00000000eb400000)
  from space 13824K, 100% used [0x00000000ec800000,0x00000000ed580000,0x00000000ed580000)
  to   space 20480K, 0% used [0x00000000eb400000,0x00000000eb400000,0x00000000ec800000)
 ParOldGen       total 49664K, used 30412K [0x00000000a0000000, 0x00000000a3080000, 0x00000000e0000000)
  object space 49664K, 61% used [0x00000000a0000000,0x00000000a1db3160,0x00000000a3080000)
 Metaspace       used 51736K, capacity 53662K, committed 54016K, reserved 1095680K
  class space    used 7095K, capacity 7574K, committed 7680K, reserved 1048576K
Event: 80.278 GC heap after
Heap after GC invocations=15 (full 2):
 PSYoungGen      total 204800K, used 3859K [0x00000000e0000000, 0x00000000edd80000, 0x0000000100000000)
  eden space 184320K, 0% used [0x00000000e0000000,0x00000000e0000000,0x00000000eb400000)
  from space 20480K, 18% used [0x00000000eb400000,0x00000000eb7c4ff0,0x00000000ec800000)
  to   space 19968K, 0% used [0x00000000eca00000,0x00000000eca00000,0x00000000edd80000)
 ParOldGen       total 49664K, used 43828K [0x00000000a0000000, 0x00000000a3080000, 0x00000000e0000000)
  object space 49664K, 88% used [0x00000000a0000000,0x00000000a2acd108,0x00000000a3080000)
 Metaspace       used 51736K, capacity 53662K, committed 54016K, reserved 1095680K
  class space    used 7095K, capacity 7574K, committed 7680K, reserved 1048576K
}
Event: 80.278 GC heap before
{Heap before GC invocations=16 (full 3):
 PSYoungGen      total 204800K, used 3859K [0x00000000e0000000, 0x00000000edd80000, 0x0000000100000000)
  eden space 184320K, 0% used [0x00000000e0000000,0x00000000e0000000,0x00000000eb400000)
  from space 20480K, 18% used [0x00000000eb400000,0x00000000eb7c4ff0,0x00000000ec800000)
  to   space 19968K, 0% used [0x00000000eca00000,0x00000000eca00000,0x00000000edd80000)
 ParOldGen       total 49664K, used 43828K [0x00000000a0000000, 0x00000000a3080000, 0x00000000e0000000)
  object space 49664K, 88% used [0x00000000a0000000,0x00000000a2acd108,0x00000000a3080000)
 Metaspace       used 51736K, capacity 53662K, committed 54016K, reserved 1095680K
  class space    used 7095K, capacity 7574K, committed 7680K, reserved 1048576K
Event: 81.518 GC heap after
Heap after GC invocations=16 (full 3):
 PSYoungGen      total 204800K, used 0K [0x00000000e0000000, 0x00000000edd80000, 0x0000000100000000)
  eden space 184320K, 0% used [0x00000000e0000000,0x00000000e0000000,0x00000000eb400000)
  from space 20480K, 0% used [0x00000000eb400000,0x00000000eb400000,0x00000000ec800000)
  to   space 19968K, 0% used [0x00000000eca00000,0x00000000eca00000,0x00000000edd80000)
 ParOldGen       total 49664K, used 40190K [0x00000000a0000000, 0x00000000a3080000, 0x00000000e0000000)
  object space 49664K, 80% used [0x00000000a0000000,0x00000000a273fb58,0x00000000a3080000)
 Metaspace       used 51736K, capacity 53662K, committed 54016K, reserved 1095680K
  class space    used 7095K, capacity 7574K, committed 7680K, reserved 1048576K
}
Event: 130.389 GC heap before
{Heap before GC invocations=17 (full 4):
 PSYoungGen      total 204800K, used 184320K [0x00000000e0000000, 0x00000000edd80000, 0x0000000100000000)
  eden space 184320K, 100% used [0x00000000e0000000,0x00000000eb400000,0x00000000eb400000)
  from space 20480K, 0% used [0x00000000eb400000,0x00000000eb400000,0x00000000ec800000)
  to   space 19968K, 0% used [0x00000000eca00000,0x00000000eca00000,0x00000000edd80000)
 ParOldGen       total 49664K, used 40190K [0x00000000a0000000, 0x00000000a3080000, 0x00000000e0000000)
  object space 49664K, 80% used [0x00000000a0000000,0x00000000a273fb58,0x00000000a3080000)
 Metaspace       used 56173K, capacity 58276K, committed 58496K, reserved 1099776K
  class space    used 7591K, capacity 8045K, committed 8064K, reserved 1048576K

Deoptimization events (10 events):
Event: 110.946 Thread 0x0000000018b25000 Uncommon trap: reason=unstable_if action=reinterpret pc=0x0000000003ac54dc method=java.util.LinkedHashMap.afterNodeInsertion(Z)V @ 18
Event: 111.516 Thread 0x0000000018b25000 Uncommon trap: reason=unstable_if action=reinterpret pc=0x000000000343860c method=sun.nio.cs.SingleByte$Encoder.encodeArrayLoop(Ljava/nio/CharBuffer;Ljava/nio/ByteBuffer;)Ljava/nio/charset/CoderResult; @ 70
Event: 111.661 Thread 0x0000000018b25000 Uncommon trap: reason=predicate action=maybe_recompile pc=0x0000000004213734 method=java.util.TimSort.binarySort([Ljava/lang/Object;IIILjava/util/Comparator;)V @ 37
Event: 111.862 Thread 0x0000000018b25000 Uncommon trap: reason=unstable_if action=reinterpret pc=0x0000000003320744 method=java.util.regex.Pattern.append(II)V @ 6
Event: 129.836 Thread 0x0000000018b25000 Uncommon trap: reason=array_check action=maybe_recompile pc=0x000000000418d75c method=java.util.TimSort.binarySort([Ljava/lang/Object;IIILjava/util/Comparator;)V @ 215
Event: 129.910 Thread 0x0000000018b25000 Uncommon trap: reason=class_check action=maybe_recompile pc=0x000000000327e484 method=java.io.BufferedInputStream.read1([BII)I @ 39
Event: 130.147 Thread 0x0000000018b25000 Uncommon trap: reason=array_check action=maybe_recompile pc=0x000000000418d75c method=java.util.TimSort.binarySort([Ljava/lang/Object;IIILjava/util/Comparator;)V @ 215
Event: 130.175 Thread 0x0000000018b25000 Uncommon trap: reason=array_check action=maybe_recompile pc=0x000000000418d75c method=java.util.TimSort.binarySort([Ljava/lang/Object;IIILjava/util/Comparator;)V @ 215
Event: 130.188 Thread 0x0000000018b25000 Uncommon trap: reason=array_check action=maybe_recompile pc=0x000000000418d75c method=java.util.TimSort.binarySort([Ljava/lang/Object;IIILjava/util/Comparator;)V @ 215
Event: 130.216 Thread 0x0000000018b25000 Uncommon trap: reason=array_check action=maybe_recompile pc=0x000000000499a370 method=java.util.TimSort.binarySort([Ljava/lang/Object;IIILjava/util/Comparator;)V @ 183

Internal exceptions (10 events):
Event: 104.269 Thread 0x0000000018b25000 Exception <a 'sun/nio/fs/WindowsException'> (0x00000000e540dfe8) thrown at [C:\src\android\AOSP-openjdk\external\jetbrains\jdk\hotspot\src\share\vm\prims\jni.cpp, line 709]
Event: 104.270 Thread 0x0000000018b25000 Exception <a 'sun/nio/fs/WindowsException'> (0x00000000e5411f50) thrown at [C:\src\android\AOSP-openjdk\external\jetbrains\jdk\hotspot\src\share\vm\prims\jni.cpp, line 709]
Event: 104.270 Thread 0x0000000018b25000 Exception <a 'sun/nio/fs/WindowsException'> (0x00000000e5412c48) thrown at [C:\src\android\AOSP-openjdk\external\jetbrains\jdk\hotspot\src\share\vm\prims\jni.cpp, line 709]
Event: 104.270 Thread 0x0000000018b25000 Exception <a 'sun/nio/fs/WindowsException'> (0x00000000e5414978) thrown at [C:\src\android\AOSP-openjdk\external\jetbrains\jdk\hotspot\src\share\vm\prims\jni.cpp, line 709]
Event: 104.270 Thread 0x0000000018b25000 Exception <a 'sun/nio/fs/WindowsException'> (0x00000000e54156b0) thrown at [C:\src\android\AOSP-openjdk\external\jetbrains\jdk\hotspot\src\share\vm\prims\jni.cpp, line 709]
Event: 107.621 Thread 0x0000000018b25000 Exception <a 'java/lang/NoSuchMethodError': <clinit>> (0x00000000e6ee1a60) thrown at [C:\src\android\AOSP-openjdk\external\jetbrains\jdk\hotspot\src\share\vm\prims\jni.cpp, line 1591]
Event: 107.624 Thread 0x0000000018b25000 Exception <a 'java/lang/NoSuchMethodError': <clinit>> (0x00000000e6eeea10) thrown at [C:\src\android\AOSP-openjdk\external\jetbrains\jdk\hotspot\src\share\vm\prims\jni.cpp, line 1591]
Event: 107.733 Thread 0x0000000018b25000 Exception <a 'java/lang/NoSuchMethodError': <clinit>> (0x00000000e6fedad0) thrown at [C:\src\android\AOSP-openjdk\external\jetbrains\jdk\hotspot\src\share\vm\prims\jni.cpp, line 1591]
Event: 107.735 Thread 0x0000000018b25000 Exception <a 'java/lang/NoSuchMethodError': <clinit>> (0x00000000e70062e0) thrown at [C:\src\android\AOSP-openjdk\external\jetbrains\jdk\hotspot\src\share\vm\prims\jni.cpp, line 1591]
Event: 107.735 Thread 0x0000000018b25000 Exception <a 'java/lang/NoSuchMethodError': <clinit>> (0x00000000e70077f8) thrown at [C:\src\android\AOSP-openjdk\external\jetbrains\jdk\hotspot\src\share\vm\prims\jni.cpp, line 1591]

Events (10 events):
Event: 130.175 Thread 0x0000000018b25000 Uncommon trap: trap_request=0xffffffd6 fr.pc=0x000000000418d75c
Event: 130.175 Thread 0x0000000018b25000 DEOPT PACKING pc=0x000000000418d75c sp=0x000000001a44cac0
Event: 130.175 Thread 0x0000000018b25000 DEOPT UNPACKING pc=0x00000000030f556a sp=0x000000001a44ca60 mode 2
Event: 130.188 Thread 0x0000000018b25000 Uncommon trap: trap_request=0xffffffd6 fr.pc=0x000000000418d75c
Event: 130.188 Thread 0x0000000018b25000 DEOPT PACKING pc=0x000000000418d75c sp=0x000000001a44cac0
Event: 130.188 Thread 0x0000000018b25000 DEOPT UNPACKING pc=0x00000000030f556a sp=0x000000001a44ca60 mode 2
Event: 130.216 Thread 0x0000000018b25000 Uncommon trap: trap_request=0xffffffd6 fr.pc=0x000000000499a370
Event: 130.216 Thread 0x0000000018b25000 DEOPT PACKING pc=0x000000000499a370 sp=0x000000001a44cac0
Event: 130.216 Thread 0x0000000018b25000 DEOPT UNPACKING pc=0x00000000030f556a sp=0x000000001a44ca60 mode 2
Event: 130.388 Executing VM operation: ParallelGCFailedAllocation


Dynamic libraries:
0x00007ff66c750000 - 0x00007ff66c781000 	C:\Program Files\Android\Android Studio1\jre\bin\java.exe
0x00007ffceba80000 - 0x00007ffcebc51000 	C:\WINDOWS\SYSTEM32\ntdll.dll
0x00007ffce9190000 - 0x00007ffce923c000 	C:\WINDOWS\System32\KERNEL32.DLL
0x00007ffce86a0000 - 0x00007ffce88bd000 	C:\WINDOWS\System32\KERNELBASE.dll
0x00007ffce9320000 - 0x00007ffce93c2000 	C:\WINDOWS\System32\ADVAPI32.dll
0x00007ffce9280000 - 0x00007ffce931e000 	C:\WINDOWS\System32\msvcrt.dll
0x00007ffceb8a0000 - 0x00007ffceb8f9000 	C:\WINDOWS\System32\sechost.dll
0x00007ffce9760000 - 0x00007ffce9881000 	C:\WINDOWS\System32\RPCRT4.dll
0x00007ffce9020000 - 0x00007ffce9185000 	C:\WINDOWS\System32\USER32.dll
0x00007ffce8260000 - 0x00007ffce827e000 	C:\WINDOWS\System32\win32u.dll
0x00007ffce9240000 - 0x00007ffce9274000 	C:\WINDOWS\System32\GDI32.dll
0x00007ffce8020000 - 0x00007ffce81a2000 	C:\WINDOWS\System32\gdi32full.dll
0x00007ffcdfa10000 - 0x00007ffcdfc8a000 	C:\WINDOWS\WinSxS\amd64_microsoft.windows.common-controls_6595b64144ccf1df_6.0.14393.953_none_42151e83c686086b\COMCTL32.dll
0x00007ffce9490000 - 0x00007ffce9758000 	C:\WINDOWS\System32\combase.dll
0x00007ffce8280000 - 0x00007ffce8375000 	C:\WINDOWS\System32\ucrtbase.dll
0x00007ffce88c0000 - 0x00007ffce892a000 	C:\WINDOWS\System32\bcryptPrimitives.dll
0x00007ffceb080000 - 0x00007ffceb0ae000 	C:\WINDOWS\System32\IMM32.DLL
0x000000005dac0000 - 0x000000005db92000 	C:\Program Files\Android\Android Studio1\jre\jre\bin\msvcr100.dll
0x000000005dba0000 - 0x000000005e3d4000 	C:\Program Files\Android\Android Studio1\jre\jre\bin\server\jvm.dll
0x00007ffceba00000 - 0x00007ffceba08000 	C:\WINDOWS\System32\PSAPI.DLL
0x00007ffcd7ac0000 - 0x00007ffcd7ac9000 	C:\WINDOWS\SYSTEM32\WSOCK32.dll
0x00007ffce6300000 - 0x00007ffce6323000 	C:\WINDOWS\SYSTEM32\WINMM.dll
0x00007ffceb000000 - 0x00007ffceb06a000 	C:\WINDOWS\System32\WS2_32.dll
0x00007ffcdc5a0000 - 0x00007ffcdc5aa000 	C:\WINDOWS\SYSTEM32\VERSION.dll
0x0000000001680000 - 0x00000000016ab000 	C:\WINDOWS\SYSTEM32\WINMMBASE.dll
0x00007ffce8550000 - 0x00007ffce8592000 	C:\WINDOWS\System32\cfgmgr32.dll
0x00007ffce17f0000 - 0x00007ffce17ff000 	C:\Program Files\Android\Android Studio1\jre\jre\bin\verify.dll
0x00007ffce0f60000 - 0x00007ffce0f89000 	C:\Program Files\Android\Android Studio1\jre\jre\bin\java.dll
0x00007ffce0f40000 - 0x00007ffce0f56000 	C:\Program Files\Android\Android Studio1\jre\jre\bin\zip.dll
0x00007ffce9ad0000 - 0x00007ffceafd8000 	C:\WINDOWS\System32\SHELL32.dll
0x00007ffce8930000 - 0x00007ffce900a000 	C:\WINDOWS\System32\windows.storage.dll
0x00007ffce7ee0000 - 0x00007ffce7f2c000 	C:\WINDOWS\System32\powrprof.dll
0x00007ffceb110000 - 0x00007ffceb162000 	C:\WINDOWS\System32\shlwapi.dll
0x00007ffce7f50000 - 0x00007ffce7f5f000 	C:\WINDOWS\System32\kernel.appcore.dll
0x00007ffce7f70000 - 0x00007ffce8019000 	C:\WINDOWS\System32\shcore.dll
0x00007ffce7f30000 - 0x00007ffce7f44000 	C:\WINDOWS\System32\profapi.dll
0x00007ffce0000000 - 0x00007ffce001a000 	C:\Program Files\Android\Android Studio1\jre\jre\bin\net.dll
0x00007ffce7810000 - 0x00007ffce786c000 	C:\WINDOWS\system32\mswsock.dll
0x00007ffcdefe0000 - 0x00007ffcdeff1000 	C:\Program Files\Android\Android Studio1\jre\jre\bin\nio.dll
0x00007ffcd5610000 - 0x00007ffcd5622000 	C:\Users\Abubakar Zahid\.gradle\native\19\windows-amd64\native-platform.dll
0x00007ffce79b0000 - 0x00007ffce79c7000 	C:\WINDOWS\SYSTEM32\CRYPTSP.dll
0x00007ffce7410000 - 0x00007ffce7443000 	C:\WINDOWS\system32\rsaenh.dll
0x00007ffce7ac0000 - 0x00007ffce7aeb000 	C:\WINDOWS\SYSTEM32\bcrypt.dll
0x00007ffce7690000 - 0x00007ffce76af000 	C:\WINDOWS\SYSTEM32\USERENV.dll
0x00007ffce79d0000 - 0x00007ffce79db000 	C:\WINDOWS\SYSTEM32\CRYPTBASE.dll
0x00007ffce7590000 - 0x00007ffce75c8000 	C:\WINDOWS\SYSTEM32\IPHLPAPI.DLL
0x00007ffceb070000 - 0x00007ffceb078000 	C:\WINDOWS\System32\NSI.dll
0x00007ffce2e20000 - 0x00007ffce2e36000 	C:\WINDOWS\SYSTEM32\dhcpcsvc6.DLL
0x00007ffce30b0000 - 0x00007ffce30ca000 	C:\WINDOWS\SYSTEM32\dhcpcsvc.DLL
0x00007ffce0f30000 - 0x00007ffce0f3d000 	C:\Program Files\Android\Android Studio1\jre\jre\bin\management.dll
0x00007ffcdd560000 - 0x00007ffcdd6f2000 	C:\WINDOWS\SYSTEM32\dbghelp.dll

VM Arguments:
jvm_args: -Xmx1536m -Dfile.encoding=windows-1252 -Duser.country=US -Duser.language=en -Duser.variant 
java_command: org.gradle.launcher.daemon.bootstrap.GradleDaemon 2.14.1
java_class_path (initial): C:\Program Files\Android\Android Studio1\gradle\gradle-2.14.1\lib\gradle-launcher-2.14.1.jar
Launcher Type: SUN_STANDARD

Environment Variables:
PATH=C:\WINDOWS\system32;C:\WINDOWS;C:\WINDOWS\System32\Wbem;C:\WINDOWS\System32\WindowsPowerShell\v1.0\;C:\Program Files (x86)\Skype\Phone\;C:\xampp\php;C:\ProgramData\ComposerSetup\bin;C:\Program Files\Git\cmd;C:\Users\Abubakar Zahid\AppData\Roaming\Composer\vendor\bin;C:\Users\Abubakar Zahid\AppData\Local\Microsoft\WindowsApps;
USERNAME=Abubakar Zahid
OS=Windows_NT
PROCESSOR_IDENTIFIER=Intel64 Family 6 Model 15 Stepping 13, GenuineIntel



---------------  S Y S T E M  ---------------

OS: Windows 10.0 , 64 bit Build 14393 (10.0.14393.1198)

CPU:total 2 (2 cores per cpu, 1 threads per core) family 6 model 15 stepping 13, cmov, cx8, fxsr, mmx, sse, sse2, sse3, ssse3, tsc

Memory: 4k page, physical 4184032k(1336136k free), swap 7518476k(4093520k free)

vm_info: OpenJDK 64-Bit Server VM (25.76-b03) for windows-amd64 JRE (1.8.0_76-release-b03), built on Jun 29 2016 19:09:20 by "ralucas" with MS VC++ 10.0 (VS2010)

time: Tue Jul 11 15:33:46 2017
elapsed time: 130 seconds (0d 0h 2m 10s)

